{
    "meta": {
        "format": 3,
        "version": "7.13.5",
        "timestamp": "2026-03-22T22:10:38.499853",
        "branch_coverage": true,
        "show_contexts": false
    },
    "files": {
        "src\\openenv\\__init__.py": {
            "executed_lines": [
                3,
                5
            ],
            "summary": {
                "covered_lines": 2,
                "num_statements": 2,
                "percent_covered": 100.0,
                "percent_covered_display": "100.00",
                "missing_lines": 0,
                "excluded_lines": 0,
                "percent_statements_covered": 100.0,
                "percent_statements_covered_display": "100.00",
                "num_branches": 0,
                "num_partial_branches": 0,
                "covered_branches": 0,
                "missing_branches": 0,
                "percent_branches_covered": 100.0,
                "percent_branches_covered_display": "100.00"
            },
            "missing_lines": [],
            "excluded_lines": [],
            "executed_branches": [],
            "missing_branches": [],
            "functions": {
                "": {
                    "executed_lines": [
                        3,
                        5
                    ],
                    "summary": {
                        "covered_lines": 2,
                        "num_statements": 2,
                        "percent_covered": 100.0,
                        "percent_covered_display": "100.00",
                        "missing_lines": 0,
                        "excluded_lines": 0,
                        "percent_statements_covered": 100.0,
                        "percent_statements_covered_display": "100.00",
                        "num_branches": 0,
                        "num_partial_branches": 0,
                        "covered_branches": 0,
                        "missing_branches": 0,
                        "percent_branches_covered": 100.0,
                        "percent_branches_covered_display": "100.00"
                    },
                    "missing_lines": [],
                    "excluded_lines": [],
                    "start_line": 1,
                    "executed_branches": [],
                    "missing_branches": []
                }
            },
            "classes": {
                "": {
                    "executed_lines": [
                        3,
                        5
                    ],
                    "summary": {
                        "covered_lines": 2,
                        "num_statements": 2,
                        "percent_covered": 100.0,
                        "percent_covered_display": "100.00",
                        "missing_lines": 0,
                        "excluded_lines": 0,
                        "percent_statements_covered": 100.0,
                        "percent_statements_covered_display": "100.00",
                        "num_branches": 0,
                        "num_partial_branches": 0,
                        "covered_branches": 0,
                        "missing_branches": 0,
                        "percent_branches_covered": 100.0,
                        "percent_branches_covered_display": "100.00"
                    },
                    "missing_lines": [],
                    "excluded_lines": [],
                    "start_line": 1,
                    "executed_branches": [],
                    "missing_branches": []
                }
            }
        },
        "src\\openenv\\__main__.py": {
            "executed_lines": [],
            "summary": {
                "covered_lines": 0,
                "num_statements": 1,
                "percent_covered": 0.0,
                "percent_covered_display": "0.00",
                "missing_lines": 1,
                "excluded_lines": 2,
                "percent_statements_covered": 0.0,
                "percent_statements_covered_display": "0.00",
                "num_branches": 0,
                "num_partial_branches": 0,
                "covered_branches": 0,
                "missing_branches": 0,
                "percent_branches_covered": 100.0,
                "percent_branches_covered_display": "100.00"
            },
            "missing_lines": [
                1
            ],
            "excluded_lines": [
                4,
                5
            ],
            "executed_branches": [],
            "missing_branches": [],
            "functions": {
                "": {
                    "executed_lines": [],
                    "summary": {
                        "covered_lines": 0,
                        "num_statements": 1,
                        "percent_covered": 0.0,
                        "percent_covered_display": "0.00",
                        "missing_lines": 1,
                        "excluded_lines": 2,
                        "percent_statements_covered": 0.0,
                        "percent_statements_covered_display": "0.00",
                        "num_branches": 0,
                        "num_partial_branches": 0,
                        "covered_branches": 0,
                        "missing_branches": 0,
                        "percent_branches_covered": 100.0,
                        "percent_branches_covered_display": "100.00"
                    },
                    "missing_lines": [
                        1
                    ],
                    "excluded_lines": [
                        4,
                        5
                    ],
                    "start_line": 1,
                    "executed_branches": [],
                    "missing_branches": []
                }
            },
            "classes": {
                "": {
                    "executed_lines": [],
                    "summary": {
                        "covered_lines": 0,
                        "num_statements": 1,
                        "percent_covered": 0.0,
                        "percent_covered_display": "0.00",
                        "missing_lines": 1,
                        "excluded_lines": 2,
                        "percent_statements_covered": 0.0,
                        "percent_statements_covered_display": "0.00",
                        "num_branches": 0,
                        "num_partial_branches": 0,
                        "covered_branches": 0,
                        "missing_branches": 0,
                        "percent_branches_covered": 100.0,
                        "percent_branches_covered_display": "100.00"
                    },
                    "missing_lines": [
                        1
                    ],
                    "excluded_lines": [
                        4,
                        5
                    ],
                    "start_line": 1,
                    "executed_branches": [],
                    "missing_branches": []
                }
            }
        },
        "src\\openenv\\bots\\__init__.py": {
            "executed_lines": [],
            "summary": {
                "covered_lines": 0,
                "num_statements": 0,
                "percent_covered": 100.0,
                "percent_covered_display": "100.00",
                "missing_lines": 0,
                "excluded_lines": 0,
                "percent_statements_covered": 100.0,
                "percent_statements_covered_display": "100.00",
                "num_branches": 0,
                "num_partial_branches": 0,
                "covered_branches": 0,
                "missing_branches": 0,
                "percent_branches_covered": 100.0,
                "percent_branches_covered_display": "100.00"
            },
            "missing_lines": [],
            "excluded_lines": [],
            "executed_branches": [],
            "missing_branches": [],
            "functions": {
                "": {
                    "executed_lines": [],
                    "summary": {
                        "covered_lines": 0,
                        "num_statements": 0,
                        "percent_covered": 100.0,
                        "percent_covered_display": "100.00",
                        "missing_lines": 0,
                        "excluded_lines": 0,
                        "percent_statements_covered": 100.0,
                        "percent_statements_covered_display": "100.00",
                        "num_branches": 0,
                        "num_partial_branches": 0,
                        "covered_branches": 0,
                        "missing_branches": 0,
                        "percent_branches_covered": 100.0,
                        "percent_branches_covered_display": "100.00"
                    },
                    "missing_lines": [],
                    "excluded_lines": [],
                    "start_line": 1,
                    "executed_branches": [],
                    "missing_branches": []
                }
            },
            "classes": {
                "": {
                    "executed_lines": [],
                    "summary": {
                        "covered_lines": 0,
                        "num_statements": 0,
                        "percent_covered": 100.0,
                        "percent_covered_display": "100.00",
                        "missing_lines": 0,
                        "excluded_lines": 0,
                        "percent_statements_covered": 100.0,
                        "percent_statements_covered_display": "100.00",
                        "num_branches": 0,
                        "num_partial_branches": 0,
                        "covered_branches": 0,
                        "missing_branches": 0,
                        "percent_branches_covered": 100.0,
                        "percent_branches_covered_display": "100.00"
                    },
                    "missing_lines": [],
                    "excluded_lines": [],
                    "start_line": 1,
                    "executed_branches": [],
                    "missing_branches": []
                }
            }
        },
        "src\\openenv\\bots\\manager.py": {
            "executed_lines": [
                3,
                5,
                6,
                7,
                8,
                9,
                11,
                17,
                18,
                28,
                29,
                30,
                42,
                43,
                49,
                50,
                55,
                56,
                57,
                63,
                66,
                67,
                68,
                69,
                77,
                88,
                92,
                353,
                354,
                355,
                356,
                357,
                358,
                359,
                360,
                361,
                362,
                363,
                364,
                367,
                368,
                369,
                370,
                371,
                373,
                374,
                375,
                377,
                378,
                379,
                382,
                383,
                384,
                385,
                386,
                387,
                388,
                389,
                392,
                393,
                394,
                395,
                398,
                399,
                400,
                401,
                402,
                405,
                406,
                407,
                408,
                409,
                411,
                412,
                413,
                415,
                416,
                417,
                420,
                421,
                422,
                423,
                424,
                425,
                426,
                429,
                430,
                433,
                435,
                438,
                440,
                441,
                442,
                444,
                445,
                446,
                449,
                456,
                459,
                461,
                462,
                463,
                465,
                466,
                467,
                468,
                469,
                470,
                475,
                478,
                480,
                481,
                482,
                485,
                486,
                487,
                490,
                491,
                492,
                493,
                497,
                498,
                499,
                500,
                506,
                509,
                511,
                512,
                514,
                517,
                519,
                520,
                522,
                523,
                530,
                532,
                533,
                534,
                535,
                536,
                538,
                539,
                540,
                541,
                548,
                551,
                553,
                554,
                557,
                559,
                560,
                561,
                565,
                570,
                579,
                580,
                582,
                583,
                584,
                585,
                586,
                594,
                595,
                597,
                606,
                608,
                609,
                610,
                612,
                613,
                614,
                616,
                617,
                627,
                628,
                631,
                633,
                634,
                635,
                636,
                637,
                638,
                643,
                653,
                655,
                656,
                658,
                659,
                667,
                668,
                669,
                675,
                683,
                684,
                686,
                687,
                688,
                689,
                691,
                698,
                705,
                707,
                708,
                711,
                712,
                716,
                722,
                728,
                792,
                794,
                795,
                796,
                797,
                798,
                799,
                800,
                801,
                802,
                803,
                804,
                806,
                807,
                808,
                809,
                810,
                811,
                812,
                813,
                814,
                815,
                816,
                817,
                818,
                819,
                820,
                821,
                822,
                823,
                827,
                828,
                829,
                832,
                833,
                834,
                836,
                837,
                838,
                842,
                843,
                844,
                845,
                846,
                848,
                851,
                852,
                853,
                857,
                860,
                861,
                862,
                864,
                865,
                867,
                870,
                871,
                872,
                875,
                876,
                877,
                878,
                879,
                880,
                883,
                884,
                885,
                886,
                887,
                888,
                889,
                890,
                893,
                894,
                895,
                896,
                897,
                898,
                899,
                900,
                901,
                905,
                906,
                907,
                908,
                909,
                910,
                911,
                912,
                913,
                914,
                923,
                924,
                925,
                926,
                932,
                933,
                936,
                937,
                938,
                939,
                940,
                941,
                942,
                946,
                947,
                948,
                971,
                972,
                973,
                985,
                986,
                990,
                993,
                994,
                995,
                998,
                999,
                1002,
                1003,
                1004,
                1043,
                1044,
                1048,
                1051,
                1052,
                1053,
                1056,
                1057,
                1059,
                1067,
                1070,
                1071,
                1075,
                1078,
                1079,
                1080,
                1081,
                1082,
                1086,
                1087,
                1088,
                1091,
                1092,
                1093,
                1094,
                1095,
                1098,
                1099,
                1100,
                1101,
                1103,
                1106,
                1107,
                1108,
                1109,
                1110,
                1113,
                1118,
                1121,
                1122,
                1125,
                1128,
                1133,
                1136,
                1137,
                1140,
                1143,
                1144,
                1145,
                1146,
                1147,
                1148,
                1149,
                1150,
                1151,
                1155,
                1156,
                1159,
                1166,
                1167,
                1170,
                1171,
                1176,
                1194,
                1195,
                1196,
                1197,
                1198,
                1199,
                1200,
                1201,
                1202,
                1203,
                1206,
                1207,
                1209,
                1210,
                1211,
                1214,
                1215,
                1217,
                1220,
                1221,
                1222,
                1224,
                1225,
                1226,
                1228,
                1229,
                1230,
                1233,
                1234,
                1235,
                1236,
                1237,
                1238,
                1256,
                1257,
                1259,
                1260,
                1264,
                1265,
                1268,
                1271,
                1274,
                1275,
                1276,
                1305,
                1306,
                1313,
                1314,
                1317,
                1318,
                1321,
                1324,
                1325,
                1328,
                1329,
                1330,
                1331,
                1332,
                1333,
                1334,
                1335,
                1336,
                1339,
                1345,
                1346,
                1347,
                1348,
                1349,
                1350,
                1351,
                1352,
                1353,
                1354,
                1355,
                1356,
                1357,
                1358,
                1359,
                1360,
                1361,
                1362,
                1363,
                1366,
                1367,
                1368,
                1369,
                1370,
                1371,
                1372,
                1373,
                1376,
                1377,
                1380,
                1381,
                1384,
                1385,
                1386,
                1387,
                1389,
                1390,
                1391,
                1393,
                1400,
                1404,
                1405,
                1406,
                1407,
                1408,
                1409,
                1410,
                1419,
                1420,
                1423,
                1426
            ],
            "summary": {
                "covered_lines": 506,
                "num_statements": 628,
                "percent_covered": 74.93765586034912,
                "percent_covered_display": "74.94",
                "missing_lines": 122,
                "excluded_lines": 0,
                "percent_statements_covered": 80.5732484076433,
                "percent_statements_covered_display": "80.57",
                "num_branches": 174,
                "num_partial_branches": 53,
                "covered_branches": 95,
                "missing_branches": 79,
                "percent_branches_covered": 54.59770114942529,
                "percent_branches_covered_display": "54.60"
            },
            "missing_lines": [
                443,
                447,
                448,
                464,
                483,
                488,
                495,
                513,
                521,
                537,
                571,
                657,
                824,
                830,
                831,
                835,
                839,
                840,
                841,
                847,
                854,
                855,
                856,
                858,
                859,
                863,
                866,
                873,
                874,
                902,
                903,
                904,
                920,
                921,
                922,
                927,
                928,
                929,
                943,
                944,
                945,
                949,
                950,
                951,
                952,
                953,
                954,
                955,
                956,
                957,
                958,
                959,
                960,
                961,
                962,
                963,
                964,
                965,
                966,
                967,
                968,
                987,
                988,
                989,
                996,
                997,
                1000,
                1045,
                1046,
                1047,
                1054,
                1055,
                1058,
                1068,
                1069,
                1072,
                1073,
                1074,
                1083,
                1102,
                1119,
                1120,
                1123,
                1124,
                1134,
                1135,
                1138,
                1139,
                1152,
                1160,
                1161,
                1162,
                1163,
                1208,
                1216,
                1223,
                1227,
                1258,
                1261,
                1262,
                1263,
                1266,
                1267,
                1269,
                1270,
                1388,
                1392,
                1421,
                1422,
                1427,
                1428,
                1429,
                1430,
                1431,
                1432,
                1433,
                1434,
                1435,
                1436,
                1437,
                1445,
                1446
            ],
            "excluded_lines": [],
            "executed_branches": [
                [
                    442,
                    444
                ],
                [
                    444,
                    445
                ],
                [
                    444,
                    456
                ],
                [
                    463,
                    465
                ],
                [
                    482,
                    485
                ],
                [
                    487,
                    490
                ],
                [
                    492,
                    493
                ],
                [
                    512,
                    514
                ],
                [
                    520,
                    522
                ],
                [
                    534,
                    535
                ],
                [
                    534,
                    548
                ],
                [
                    536,
                    538
                ],
                [
                    539,
                    540
                ],
                [
                    539,
                    541
                ],
                [
                    570,
                    579
                ],
                [
                    584,
                    585
                ],
                [
                    636,
                    637
                ],
                [
                    656,
                    658
                ],
                [
                    806,
                    807
                ],
                [
                    806,
                    809
                ],
                [
                    809,
                    810
                ],
                [
                    809,
                    812
                ],
                [
                    812,
                    813
                ],
                [
                    812,
                    815
                ],
                [
                    815,
                    816
                ],
                [
                    815,
                    818
                ],
                [
                    818,
                    819
                ],
                [
                    818,
                    821
                ],
                [
                    821,
                    822
                ],
                [
                    829,
                    832
                ],
                [
                    834,
                    836
                ],
                [
                    836,
                    837
                ],
                [
                    836,
                    845
                ],
                [
                    846,
                    848
                ],
                [
                    857,
                    860
                ],
                [
                    862,
                    864
                ],
                [
                    865,
                    867
                ],
                [
                    872,
                    875
                ],
                [
                    876,
                    877
                ],
                [
                    876,
                    880
                ],
                [
                    885,
                    -883
                ],
                [
                    885,
                    886
                ],
                [
                    899,
                    900
                ],
                [
                    899,
                    910
                ],
                [
                    910,
                    911
                ],
                [
                    924,
                    925
                ],
                [
                    924,
                    926
                ],
                [
                    940,
                    941
                ],
                [
                    995,
                    998
                ],
                [
                    999,
                    1002
                ],
                [
                    1053,
                    1056
                ],
                [
                    1057,
                    1059
                ],
                [
                    1067,
                    1070
                ],
                [
                    1081,
                    1082
                ],
                [
                    1093,
                    1094
                ],
                [
                    1093,
                    1095
                ],
                [
                    1101,
                    1103
                ],
                [
                    1118,
                    1121
                ],
                [
                    1122,
                    1125
                ],
                [
                    1133,
                    1136
                ],
                [
                    1137,
                    1140
                ],
                [
                    1150,
                    1151
                ],
                [
                    1198,
                    1199
                ],
                [
                    1200,
                    1201
                ],
                [
                    1202,
                    1203
                ],
                [
                    1207,
                    1209
                ],
                [
                    1215,
                    1217
                ],
                [
                    1222,
                    1224
                ],
                [
                    1226,
                    1228
                ],
                [
                    1256,
                    1257
                ],
                [
                    1256,
                    1268
                ],
                [
                    1257,
                    1259
                ],
                [
                    1260,
                    1264
                ],
                [
                    1265,
                    1256
                ],
                [
                    1268,
                    1271
                ],
                [
                    1313,
                    1314
                ],
                [
                    1317,
                    1318
                ],
                [
                    1331,
                    1332
                ],
                [
                    1331,
                    1336
                ],
                [
                    1333,
                    1334
                ],
                [
                    1346,
                    1347
                ],
                [
                    1350,
                    1351
                ],
                [
                    1350,
                    1354
                ],
                [
                    1354,
                    1355
                ],
                [
                    1354,
                    1358
                ],
                [
                    1358,
                    1359
                ],
                [
                    1358,
                    1362
                ],
                [
                    1369,
                    1370
                ],
                [
                    1369,
                    1373
                ],
                [
                    1370,
                    1371
                ],
                [
                    1387,
                    1389
                ],
                [
                    1391,
                    1393
                ],
                [
                    1407,
                    1408
                ],
                [
                    1407,
                    1423
                ],
                [
                    1409,
                    1410
                ]
            ],
            "missing_branches": [
                [
                    442,
                    443
                ],
                [
                    463,
                    464
                ],
                [
                    482,
                    483
                ],
                [
                    487,
                    488
                ],
                [
                    492,
                    495
                ],
                [
                    512,
                    513
                ],
                [
                    520,
                    521
                ],
                [
                    536,
                    537
                ],
                [
                    570,
                    571
                ],
                [
                    584,
                    597
                ],
                [
                    636,
                    638
                ],
                [
                    656,
                    657
                ],
                [
                    821,
                    824
                ],
                [
                    829,
                    830
                ],
                [
                    834,
                    835
                ],
                [
                    846,
                    847
                ],
                [
                    857,
                    858
                ],
                [
                    862,
                    863
                ],
                [
                    865,
                    866
                ],
                [
                    872,
                    873
                ],
                [
                    910,
                    927
                ],
                [
                    927,
                    928
                ],
                [
                    927,
                    929
                ],
                [
                    940,
                    949
                ],
                [
                    949,
                    950
                ],
                [
                    949,
                    966
                ],
                [
                    955,
                    956
                ],
                [
                    955,
                    958
                ],
                [
                    959,
                    960
                ],
                [
                    959,
                    961
                ],
                [
                    961,
                    962
                ],
                [
                    961,
                    963
                ],
                [
                    963,
                    964
                ],
                [
                    963,
                    965
                ],
                [
                    966,
                    967
                ],
                [
                    966,
                    968
                ],
                [
                    995,
                    996
                ],
                [
                    999,
                    1000
                ],
                [
                    1053,
                    1054
                ],
                [
                    1057,
                    1058
                ],
                [
                    1067,
                    1068
                ],
                [
                    1081,
                    1083
                ],
                [
                    1101,
                    1102
                ],
                [
                    1118,
                    1119
                ],
                [
                    1122,
                    1123
                ],
                [
                    1133,
                    1134
                ],
                [
                    1137,
                    1138
                ],
                [
                    1150,
                    1152
                ],
                [
                    1161,
                    1162
                ],
                [
                    1161,
                    1163
                ],
                [
                    1198,
                    1200
                ],
                [
                    1200,
                    1202
                ],
                [
                    1202,
                    -1194
                ],
                [
                    1207,
                    1208
                ],
                [
                    1215,
                    1216
                ],
                [
                    1222,
                    1223
                ],
                [
                    1226,
                    1227
                ],
                [
                    1257,
                    1258
                ],
                [
                    1260,
                    1261
                ],
                [
                    1265,
                    1266
                ],
                [
                    1268,
                    1269
                ],
                [
                    1313,
                    1317
                ],
                [
                    1317,
                    1321
                ],
                [
                    1333,
                    1331
                ],
                [
                    1346,
                    1350
                ],
                [
                    1370,
                    1369
                ],
                [
                    1387,
                    1388
                ],
                [
                    1391,
                    1392
                ],
                [
                    1409,
                    1421
                ],
                [
                    1421,
                    1407
                ],
                [
                    1421,
                    1422
                ],
                [
                    1428,
                    1429
                ],
                [
                    1428,
                    1431
                ],
                [
                    1431,
                    1432
                ],
                [
                    1431,
                    1434
                ],
                [
                    1434,
                    1435
                ],
                [
                    1434,
                    1437
                ],
                [
                    1437,
                    1445
                ],
                [
                    1437,
                    1446
                ]
            ],
            "functions": {
                "BotRecord.display_name": {
                    "executed_lines": [
                        375
                    ],
                    "summary": {
                        "covered_lines": 1,
                        "num_statements": 1,
                        "percent_covered": 100.0,
                        "percent_covered_display": "100.00",
                        "missing_lines": 0,
                        "excluded_lines": 0,
                        "percent_statements_covered": 100.0,
                        "percent_statements_covered_display": "100.00",
                        "num_branches": 0,
                        "num_partial_branches": 0,
                        "covered_branches": 0,
                        "missing_branches": 0,
                        "percent_branches_covered": 100.0,
                        "percent_branches_covered_display": "100.00"
                    },
                    "missing_lines": [],
                    "excluded_lines": [],
                    "start_line": 374,
                    "executed_branches": [],
                    "missing_branches": []
                },
                "BotRecord.role": {
                    "executed_lines": [
                        379
                    ],
                    "summary": {
                        "covered_lines": 1,
                        "num_statements": 1,
                        "percent_covered": 100.0,
                        "percent_covered_display": "100.00",
                        "missing_lines": 0,
                        "excluded_lines": 0,
                        "percent_statements_covered": 100.0,
                        "percent_statements_covered_display": "100.00",
                        "num_branches": 0,
                        "num_partial_branches": 0,
                        "covered_branches": 0,
                        "missing_branches": 0,
                        "percent_branches_covered": 100.0,
                        "percent_branches_covered_display": "100.00"
                    },
                    "missing_lines": [],
                    "excluded_lines": [],
                    "start_line": 378,
                    "executed_branches": [],
                    "missing_branches": []
                },
                "RunningBotRecord.display_name": {
                    "executed_lines": [
                        413
                    ],
                    "summary": {
                        "covered_lines": 1,
                        "num_statements": 1,
                        "percent_covered": 100.0,
                        "percent_covered_display": "100.00",
                        "missing_lines": 0,
                        "excluded_lines": 0,
                        "percent_statements_covered": 100.0,
                        "percent_statements_covered_display": "100.00",
                        "num_branches": 0,
                        "num_partial_branches": 0,
                        "covered_branches": 0,
                        "missing_branches": 0,
                        "percent_branches_covered": 100.0,
                        "percent_branches_covered_display": "100.00"
                    },
                    "missing_lines": [],
                    "excluded_lines": [],
                    "start_line": 412,
                    "executed_branches": [],
                    "missing_branches": []
                },
                "RunningBotRecord.slug": {
                    "executed_lines": [
                        417
                    ],
                    "summary": {
                        "covered_lines": 1,
                        "num_statements": 1,
                        "percent_covered": 100.0,
                        "percent_covered_display": "100.00",
                        "missing_lines": 0,
                        "excluded_lines": 0,
                        "percent_statements_covered": 100.0,
                        "percent_statements_covered_display": "100.00",
                        "num_branches": 0,
                        "num_partial_branches": 0,
                        "covered_branches": 0,
                        "missing_branches": 0,
                        "percent_branches_covered": 100.0,
                        "percent_branches_covered_display": "100.00"
                    },
                    "missing_lines": [],
                    "excluded_lines": [],
                    "start_line": 416,
                    "executed_branches": [],
                    "missing_branches": []
                },
                "bots_root": {
                    "executed_lines": [
                        430
                    ],
                    "summary": {
                        "covered_lines": 1,
                        "num_statements": 1,
                        "percent_covered": 100.0,
                        "percent_covered_display": "100.00",
                        "missing_lines": 0,
                        "excluded_lines": 0,
                        "percent_statements_covered": 100.0,
                        "percent_statements_covered_display": "100.00",
                        "num_branches": 0,
                        "num_partial_branches": 0,
                        "covered_branches": 0,
                        "missing_branches": 0,
                        "percent_branches_covered": 100.0,
                        "percent_branches_covered_display": "100.00"
                    },
                    "missing_lines": [],
                    "excluded_lines": [],
                    "start_line": 429,
                    "executed_branches": [],
                    "missing_branches": []
                },
                "all_bots_compose_path": {
                    "executed_lines": [
                        435
                    ],
                    "summary": {
                        "covered_lines": 1,
                        "num_statements": 1,
                        "percent_covered": 100.0,
                        "percent_covered_display": "100.00",
                        "missing_lines": 0,
                        "excluded_lines": 0,
                        "percent_statements_covered": 100.0,
                        "percent_statements_covered_display": "100.00",
                        "num_branches": 0,
                        "num_partial_branches": 0,
                        "covered_branches": 0,
                        "missing_branches": 0,
                        "percent_branches_covered": 100.0,
                        "percent_branches_covered_display": "100.00"
                    },
                    "missing_lines": [],
                    "excluded_lines": [],
                    "start_line": 433,
                    "executed_branches": [],
                    "missing_branches": []
                },
                "discover_bots": {
                    "executed_lines": [
                        440,
                        441,
                        442,
                        444,
                        445,
                        446,
                        449,
                        456
                    ],
                    "summary": {
                        "covered_lines": 8,
                        "num_statements": 11,
                        "percent_covered": 73.33333333333333,
                        "percent_covered_display": "73.33",
                        "missing_lines": 3,
                        "excluded_lines": 0,
                        "percent_statements_covered": 72.72727272727273,
                        "percent_statements_covered_display": "72.73",
                        "num_branches": 4,
                        "num_partial_branches": 1,
                        "covered_branches": 3,
                        "missing_branches": 1,
                        "percent_branches_covered": 75.0,
                        "percent_branches_covered_display": "75.00"
                    },
                    "missing_lines": [
                        443,
                        447,
                        448
                    ],
                    "excluded_lines": [],
                    "start_line": 438,
                    "executed_branches": [
                        [
                            442,
                            444
                        ],
                        [
                            444,
                            445
                        ],
                        [
                            444,
                            456
                        ]
                    ],
                    "missing_branches": [
                        [
                            442,
                            443
                        ]
                    ]
                },
                "create_bot": {
                    "executed_lines": [
                        461,
                        462,
                        463,
                        465,
                        466,
                        467,
                        468,
                        469,
                        470,
                        475
                    ],
                    "summary": {
                        "covered_lines": 10,
                        "num_statements": 11,
                        "percent_covered": 84.61538461538461,
                        "percent_covered_display": "84.62",
                        "missing_lines": 1,
                        "excluded_lines": 0,
                        "percent_statements_covered": 90.9090909090909,
                        "percent_statements_covered_display": "90.91",
                        "num_branches": 2,
                        "num_partial_branches": 1,
                        "covered_branches": 1,
                        "missing_branches": 1,
                        "percent_branches_covered": 50.0,
                        "percent_branches_covered_display": "50.00"
                    },
                    "missing_lines": [
                        464
                    ],
                    "excluded_lines": [],
                    "start_line": 459,
                    "executed_branches": [
                        [
                            463,
                            465
                        ]
                    ],
                    "missing_branches": [
                        [
                            463,
                            464
                        ]
                    ]
                },
                "update_bot": {
                    "executed_lines": [
                        480,
                        481,
                        482,
                        485,
                        486,
                        487,
                        490,
                        491,
                        492,
                        493,
                        497,
                        498,
                        499,
                        500,
                        506
                    ],
                    "summary": {
                        "covered_lines": 15,
                        "num_statements": 18,
                        "percent_covered": 75.0,
                        "percent_covered_display": "75.00",
                        "missing_lines": 3,
                        "excluded_lines": 0,
                        "percent_statements_covered": 83.33333333333333,
                        "percent_statements_covered_display": "83.33",
                        "num_branches": 6,
                        "num_partial_branches": 3,
                        "covered_branches": 3,
                        "missing_branches": 3,
                        "percent_branches_covered": 50.0,
                        "percent_branches_covered_display": "50.00"
                    },
                    "missing_lines": [
                        483,
                        488,
                        495
                    ],
                    "excluded_lines": [],
                    "start_line": 478,
                    "executed_branches": [
                        [
                            482,
                            485
                        ],
                        [
                            487,
                            490
                        ],
                        [
                            492,
                            493
                        ]
                    ],
                    "missing_branches": [
                        [
                            482,
                            483
                        ],
                        [
                            487,
                            488
                        ],
                        [
                            492,
                            495
                        ]
                    ]
                },
                "delete_bot": {
                    "executed_lines": [
                        511,
                        512,
                        514
                    ],
                    "summary": {
                        "covered_lines": 3,
                        "num_statements": 4,
                        "percent_covered": 66.66666666666667,
                        "percent_covered_display": "66.67",
                        "missing_lines": 1,
                        "excluded_lines": 0,
                        "percent_statements_covered": 75.0,
                        "percent_statements_covered_display": "75.00",
                        "num_branches": 2,
                        "num_partial_branches": 1,
                        "covered_branches": 1,
                        "missing_branches": 1,
                        "percent_branches_covered": 50.0,
                        "percent_branches_covered_display": "50.00"
                    },
                    "missing_lines": [
                        513
                    ],
                    "excluded_lines": [],
                    "start_line": 509,
                    "executed_branches": [
                        [
                            512,
                            514
                        ]
                    ],
                    "missing_branches": [
                        [
                            512,
                            513
                        ]
                    ]
                },
                "load_bot": {
                    "executed_lines": [
                        519,
                        520,
                        522,
                        523
                    ],
                    "summary": {
                        "covered_lines": 4,
                        "num_statements": 5,
                        "percent_covered": 71.42857142857143,
                        "percent_covered_display": "71.43",
                        "missing_lines": 1,
                        "excluded_lines": 0,
                        "percent_statements_covered": 80.0,
                        "percent_statements_covered_display": "80.00",
                        "num_branches": 2,
                        "num_partial_branches": 1,
                        "covered_branches": 1,
                        "missing_branches": 1,
                        "percent_branches_covered": 50.0,
                        "percent_branches_covered_display": "50.00"
                    },
                    "missing_lines": [
                        521
                    ],
                    "excluded_lines": [],
                    "start_line": 517,
                    "executed_branches": [
                        [
                            520,
                            522
                        ]
                    ],
                    "missing_branches": [
                        [
                            520,
                            521
                        ]
                    ]
                },
                "discover_running_bots": {
                    "executed_lines": [
                        532,
                        533,
                        534,
                        535,
                        536,
                        538,
                        539,
                        540,
                        541,
                        548
                    ],
                    "summary": {
                        "covered_lines": 10,
                        "num_statements": 11,
                        "percent_covered": 88.23529411764706,
                        "percent_covered_display": "88.24",
                        "missing_lines": 1,
                        "excluded_lines": 0,
                        "percent_statements_covered": 90.9090909090909,
                        "percent_statements_covered_display": "90.91",
                        "num_branches": 6,
                        "num_partial_branches": 1,
                        "covered_branches": 5,
                        "missing_branches": 1,
                        "percent_branches_covered": 83.33333333333333,
                        "percent_branches_covered_display": "83.33"
                    },
                    "missing_lines": [
                        537
                    ],
                    "excluded_lines": [],
                    "start_line": 530,
                    "executed_branches": [
                        [
                            534,
                            535
                        ],
                        [
                            534,
                            548
                        ],
                        [
                            536,
                            538
                        ],
                        [
                            539,
                            540
                        ],
                        [
                            539,
                            541
                        ]
                    ],
                    "missing_branches": [
                        [
                            536,
                            537
                        ]
                    ]
                },
                "preview_running_bot_logs": {
                    "executed_lines": [
                        553,
                        554
                    ],
                    "summary": {
                        "covered_lines": 2,
                        "num_statements": 2,
                        "percent_covered": 100.0,
                        "percent_covered_display": "100.00",
                        "missing_lines": 0,
                        "excluded_lines": 0,
                        "percent_statements_covered": 100.0,
                        "percent_statements_covered_display": "100.00",
                        "num_branches": 0,
                        "num_partial_branches": 0,
                        "covered_branches": 0,
                        "missing_branches": 0,
                        "percent_branches_covered": 100.0,
                        "percent_branches_covered_display": "100.00"
                    },
                    "missing_lines": [],
                    "excluded_lines": [],
                    "start_line": 551,
                    "executed_branches": [],
                    "missing_branches": []
                },
                "create_skill_snapshot": {
                    "executed_lines": [
                        559,
                        560,
                        561,
                        565,
                        570,
                        579,
                        580,
                        582,
                        583,
                        584,
                        585,
                        586,
                        594,
                        595,
                        597
                    ],
                    "summary": {
                        "covered_lines": 15,
                        "num_statements": 16,
                        "percent_covered": 85.0,
                        "percent_covered_display": "85.00",
                        "missing_lines": 1,
                        "excluded_lines": 0,
                        "percent_statements_covered": 93.75,
                        "percent_statements_covered_display": "93.75",
                        "num_branches": 4,
                        "num_partial_branches": 2,
                        "covered_branches": 2,
                        "missing_branches": 2,
                        "percent_branches_covered": 50.0,
                        "percent_branches_covered_display": "50.00"
                    },
                    "missing_lines": [
                        571
                    ],
                    "excluded_lines": [],
                    "start_line": 557,
                    "executed_branches": [
                        [
                            570,
                            579
                        ],
                        [
                            584,
                            585
                        ]
                    ],
                    "missing_branches": [
                        [
                            570,
                            571
                        ],
                        [
                            584,
                            597
                        ]
                    ]
                },
                "generate_bot_artifacts": {
                    "executed_lines": [
                        608,
                        609,
                        610,
                        612,
                        613,
                        614,
                        616,
                        617,
                        627,
                        628,
                        631,
                        633,
                        634,
                        635,
                        636,
                        637,
                        638,
                        643
                    ],
                    "summary": {
                        "covered_lines": 18,
                        "num_statements": 18,
                        "percent_covered": 95.0,
                        "percent_covered_display": "95.00",
                        "missing_lines": 0,
                        "excluded_lines": 0,
                        "percent_statements_covered": 100.0,
                        "percent_statements_covered_display": "100.00",
                        "num_branches": 2,
                        "num_partial_branches": 1,
                        "covered_branches": 1,
                        "missing_branches": 1,
                        "percent_branches_covered": 50.0,
                        "percent_branches_covered_display": "50.00"
                    },
                    "missing_lines": [],
                    "excluded_lines": [],
                    "start_line": 606,
                    "executed_branches": [
                        [
                            636,
                            637
                        ]
                    ],
                    "missing_branches": [
                        [
                            636,
                            638
                        ]
                    ]
                },
                "generate_all_bots_stack": {
                    "executed_lines": [
                        655,
                        656,
                        658,
                        659,
                        667,
                        668,
                        669
                    ],
                    "summary": {
                        "covered_lines": 7,
                        "num_statements": 8,
                        "percent_covered": 80.0,
                        "percent_covered_display": "80.00",
                        "missing_lines": 1,
                        "excluded_lines": 0,
                        "percent_statements_covered": 87.5,
                        "percent_statements_covered_display": "87.50",
                        "num_branches": 2,
                        "num_partial_branches": 1,
                        "covered_branches": 1,
                        "missing_branches": 1,
                        "percent_branches_covered": 50.0,
                        "percent_branches_covered_display": "50.00"
                    },
                    "missing_lines": [
                        657
                    ],
                    "excluded_lines": [],
                    "start_line": 653,
                    "executed_branches": [
                        [
                            656,
                            658
                        ]
                    ],
                    "missing_branches": [
                        [
                            656,
                            657
                        ]
                    ]
                },
                "improve_bot_markdown_documents": {
                    "executed_lines": [
                        683,
                        684,
                        686,
                        691,
                        698
                    ],
                    "summary": {
                        "covered_lines": 5,
                        "num_statements": 5,
                        "percent_covered": 100.0,
                        "percent_covered_display": "100.00",
                        "missing_lines": 0,
                        "excluded_lines": 0,
                        "percent_statements_covered": 100.0,
                        "percent_statements_covered_display": "100.00",
                        "num_branches": 0,
                        "num_partial_branches": 0,
                        "covered_branches": 0,
                        "missing_branches": 0,
                        "percent_branches_covered": 100.0,
                        "percent_branches_covered_display": "100.00"
                    },
                    "missing_lines": [],
                    "excluded_lines": [],
                    "start_line": 675,
                    "executed_branches": [],
                    "missing_branches": []
                },
                "improve_bot_markdown_documents.write_document": {
                    "executed_lines": [
                        687,
                        688,
                        689
                    ],
                    "summary": {
                        "covered_lines": 3,
                        "num_statements": 3,
                        "percent_covered": 100.0,
                        "percent_covered_display": "100.00",
                        "missing_lines": 0,
                        "excluded_lines": 0,
                        "percent_statements_covered": 100.0,
                        "percent_statements_covered_display": "100.00",
                        "num_branches": 0,
                        "num_partial_branches": 0,
                        "covered_branches": 0,
                        "missing_branches": 0,
                        "percent_branches_covered": 100.0,
                        "percent_branches_covered_display": "100.00"
                    },
                    "missing_lines": [],
                    "excluded_lines": [],
                    "start_line": 686,
                    "executed_branches": [],
                    "missing_branches": []
                },
                "build_bot_manifest": {
                    "executed_lines": [
                        707,
                        708,
                        711,
                        712,
                        716,
                        722,
                        728
                    ],
                    "summary": {
                        "covered_lines": 7,
                        "num_statements": 7,
                        "percent_covered": 100.0,
                        "percent_covered_display": "100.00",
                        "missing_lines": 0,
                        "excluded_lines": 0,
                        "percent_statements_covered": 100.0,
                        "percent_statements_covered_display": "100.00",
                        "num_branches": 0,
                        "num_partial_branches": 0,
                        "covered_branches": 0,
                        "missing_branches": 0,
                        "percent_branches_covered": 100.0,
                        "percent_branches_covered_display": "100.00"
                    },
                    "missing_lines": [],
                    "excluded_lines": [],
                    "start_line": 705,
                    "executed_branches": [],
                    "missing_branches": []
                },
                "interactive_menu": {
                    "executed_lines": [
                        794,
                        795,
                        796,
                        797,
                        798,
                        799,
                        800,
                        801,
                        802,
                        803,
                        804,
                        806,
                        807,
                        808,
                        809,
                        810,
                        811,
                        812,
                        813,
                        814,
                        815,
                        816,
                        817,
                        818,
                        819,
                        820,
                        821,
                        822,
                        823
                    ],
                    "summary": {
                        "covered_lines": 29,
                        "num_statements": 30,
                        "percent_covered": 95.23809523809524,
                        "percent_covered_display": "95.24",
                        "missing_lines": 1,
                        "excluded_lines": 0,
                        "percent_statements_covered": 96.66666666666667,
                        "percent_statements_covered_display": "96.67",
                        "num_branches": 12,
                        "num_partial_branches": 1,
                        "covered_branches": 11,
                        "missing_branches": 1,
                        "percent_branches_covered": 91.66666666666667,
                        "percent_branches_covered_display": "91.67"
                    },
                    "missing_lines": [
                        824
                    ],
                    "excluded_lines": [],
                    "start_line": 792,
                    "executed_branches": [
                        [
                            806,
                            807
                        ],
                        [
                            806,
                            809
                        ],
                        [
                            809,
                            810
                        ],
                        [
                            809,
                            812
                        ],
                        [
                            812,
                            813
                        ],
                        [
                            812,
                            815
                        ],
                        [
                            815,
                            816
                        ],
                        [
                            815,
                            818
                        ],
                        [
                            818,
                            819
                        ],
                        [
                            818,
                            821
                        ],
                        [
                            821,
                            822
                        ]
                    ],
                    "missing_branches": [
                        [
                            821,
                            824
                        ]
                    ]
                },
                "_interactive_browse_bots": {
                    "executed_lines": [
                        828,
                        829,
                        832,
                        833,
                        834,
                        836,
                        837,
                        838,
                        842,
                        843,
                        844,
                        845,
                        846,
                        848
                    ],
                    "summary": {
                        "covered_lines": 14,
                        "num_statements": 21,
                        "percent_covered": 65.51724137931035,
                        "percent_covered_display": "65.52",
                        "missing_lines": 7,
                        "excluded_lines": 0,
                        "percent_statements_covered": 66.66666666666667,
                        "percent_statements_covered_display": "66.67",
                        "num_branches": 8,
                        "num_partial_branches": 3,
                        "covered_branches": 5,
                        "missing_branches": 3,
                        "percent_branches_covered": 62.5,
                        "percent_branches_covered_display": "62.50"
                    },
                    "missing_lines": [
                        830,
                        831,
                        835,
                        839,
                        840,
                        841,
                        847
                    ],
                    "excluded_lines": [],
                    "start_line": 827,
                    "executed_branches": [
                        [
                            829,
                            832
                        ],
                        [
                            834,
                            836
                        ],
                        [
                            836,
                            837
                        ],
                        [
                            836,
                            845
                        ],
                        [
                            846,
                            848
                        ]
                    ],
                    "missing_branches": [
                        [
                            829,
                            830
                        ],
                        [
                            834,
                            835
                        ],
                        [
                            846,
                            847
                        ]
                    ]
                },
                "_interactive_browse_running_bots": {
                    "executed_lines": [
                        852,
                        853,
                        857,
                        860,
                        861,
                        862,
                        864,
                        865,
                        867
                    ],
                    "summary": {
                        "covered_lines": 9,
                        "num_statements": 16,
                        "percent_covered": 54.54545454545455,
                        "percent_covered_display": "54.55",
                        "missing_lines": 7,
                        "excluded_lines": 0,
                        "percent_statements_covered": 56.25,
                        "percent_statements_covered_display": "56.25",
                        "num_branches": 6,
                        "num_partial_branches": 3,
                        "covered_branches": 3,
                        "missing_branches": 3,
                        "percent_branches_covered": 50.0,
                        "percent_branches_covered_display": "50.00"
                    },
                    "missing_lines": [
                        854,
                        855,
                        856,
                        858,
                        859,
                        863,
                        866
                    ],
                    "excluded_lines": [],
                    "start_line": 851,
                    "executed_branches": [
                        [
                            857,
                            860
                        ],
                        [
                            862,
                            864
                        ],
                        [
                            865,
                            867
                        ]
                    ],
                    "missing_branches": [
                        [
                            857,
                            858
                        ],
                        [
                            862,
                            863
                        ],
                        [
                            865,
                            866
                        ]
                    ]
                },
                "_show_bots": {
                    "executed_lines": [
                        871,
                        872,
                        875,
                        876,
                        877,
                        878,
                        879,
                        880
                    ],
                    "summary": {
                        "covered_lines": 8,
                        "num_statements": 10,
                        "percent_covered": 78.57142857142857,
                        "percent_covered_display": "78.57",
                        "missing_lines": 2,
                        "excluded_lines": 0,
                        "percent_statements_covered": 80.0,
                        "percent_statements_covered_display": "80.00",
                        "num_branches": 4,
                        "num_partial_branches": 1,
                        "covered_branches": 3,
                        "missing_branches": 1,
                        "percent_branches_covered": 75.0,
                        "percent_branches_covered_display": "75.00"
                    },
                    "missing_lines": [
                        873,
                        874
                    ],
                    "excluded_lines": [],
                    "start_line": 870,
                    "executed_branches": [
                        [
                            872,
                            875
                        ],
                        [
                            876,
                            877
                        ],
                        [
                            876,
                            880
                        ]
                    ],
                    "missing_branches": [
                        [
                            872,
                            873
                        ]
                    ]
                },
                "_show_running_bots": {
                    "executed_lines": [
                        884,
                        885,
                        886,
                        887,
                        888,
                        889,
                        890
                    ],
                    "summary": {
                        "covered_lines": 7,
                        "num_statements": 7,
                        "percent_covered": 100.0,
                        "percent_covered_display": "100.00",
[...]
                        133,
                        134,
                        135,
                        136,
                        137,
                        138,
                        139,
                        140,
                        141,
                        142
                    ],
                    "summary": {
                        "covered_lines": 12,
                        "num_statements": 13,
                        "percent_covered": 91.30434782608695,
                        "percent_covered_display": "91.30",
                        "missing_lines": 1,
                        "excluded_lines": 0,
                        "percent_statements_covered": 92.3076923076923,
                        "percent_statements_covered_display": "92.31",
                        "num_branches": 10,
                        "num_partial_branches": 1,
                        "covered_branches": 9,
                        "missing_branches": 1,
                        "percent_branches_covered": 90.0,
                        "percent_branches_covered_display": "90.00"
                    },
                    "missing_lines": [
                        143
                    ],
                    "excluded_lines": [],
                    "start_line": 130,
                    "executed_branches": [
                        [
                            131,
                            132
                        ],
                        [
                            131,
                            136
                        ],
                        [
                            132,
                            133
                        ],
                        [
                            132,
                            135
                        ],
                        [
                            136,
                            137
                        ],
                        [
                            136,
                            138
                        ],
                        [
                            138,
                            139
                        ],
                        [
                            139,
                            140
                        ],
                        [
                            139,
                            141
                        ]
                    ],
                    "missing_branches": [
                        [
                            138,
                            143
                        ]
                    ]
                },
                "_render_inline_table": {
                    "executed_lines": [
                        147,
                        150
                    ],
                    "summary": {
                        "covered_lines": 2,
                        "num_statements": 2,
                        "percent_covered": 100.0,
                        "percent_covered_display": "100.00",
                        "missing_lines": 0,
                        "excluded_lines": 0,
                        "percent_statements_covered": 100.0,
                        "percent_statements_covered_display": "100.00",
                        "num_branches": 0,
                        "num_partial_branches": 0,
                        "covered_branches": 0,
                        "missing_branches": 0,
                        "percent_branches_covered": 100.0,
                        "percent_branches_covered_display": "100.00"
                    },
                    "missing_lines": [],
                    "excluded_lines": [],
                    "start_line": 146,
                    "executed_branches": [],
                    "missing_branches": []
                },
                "": {
                    "executed_lines": [
                        3,
                        5,
                        7,
                        10,
                        124,
                        130,
                        146
                    ],
                    "summary": {
                        "covered_lines": 7,
                        "num_statements": 7,
                        "percent_covered": 100.0,
                        "percent_covered_display": "100.00",
                        "missing_lines": 0,
                        "excluded_lines": 0,
                        "percent_statements_covered": 100.0,
                        "percent_statements_covered_display": "100.00",
                        "num_branches": 0,
                        "num_partial_branches": 0,
                        "covered_branches": 0,
                        "missing_branches": 0,
                        "percent_branches_covered": 100.0,
                        "percent_branches_covered_display": "100.00"
                    },
                    "missing_lines": [],
                    "excluded_lines": [],
                    "start_line": 1,
                    "executed_branches": [],
                    "missing_branches": []
                }
            },
            "classes": {
                "": {
                    "executed_lines": [
                        3,
                        5,
                        7,
                        10,
                        12,
                        14,
                        15,
                        16,
                        17,
                        18,
                        19,
                        21,
                        22,
                        23,
                        24,
                        25,
                        26,
                        27,
                        28,
                        29,
                        30,
                        31,
                        32,
                        37,
                        39,
                        40,
                        47,
                        54,
                        61,
                        62,
                        69,
                        70,
                        77,
                        78,
                        81,
                        83,
                        84,
                        85,
                        86,
                        87,
                        88,
                        89,
                        90,
                        91,
                        92,
                        93,
                        95,
                        96,
                        97,
                        98,
                        99,
                        100,
                        102,
                        103,
                        104,
                        105,
                        106,
                        107,
                        109,
                        110,
                        111,
                        112,
                        113,
                        114,
                        115,
                        117,
                        118,
                        119,
                        120,
                        121,
                        124,
                        125,
                        126,
                        130,
                        131,
                        132,
                        133,
                        134,
                        135,
                        136,
                        137,
                        138,
                        139,
                        140,
                        141,
                        142,
                        146,
                        147,
                        150
                    ],
                    "summary": {
                        "covered_lines": 89,
                        "num_statements": 96,
                        "percent_covered": 88.28125,
                        "percent_covered_display": "88.28",
                        "missing_lines": 7,
                        "excluded_lines": 0,
                        "percent_statements_covered": 92.70833333333333,
                        "percent_statements_covered_display": "92.71",
                        "num_branches": 32,
                        "num_partial_branches": 8,
                        "covered_branches": 24,
                        "missing_branches": 8,
                        "percent_branches_covered": 75.0,
                        "percent_branches_covered_display": "75.00"
                    },
                    "missing_lines": [
                        33,
                        34,
                        35,
                        36,
                        80,
                        127,
                        143
                    ],
                    "excluded_lines": [],
                    "start_line": 1,
                    "executed_branches": [
                        [
                            27,
                            28
                        ],
                        [
                            32,
                            37
                        ],
                        [
                            61,
                            62
                        ],
                        [
                            69,
                            70
                        ],
                        [
                            77,
                            78
                        ],
                        [
                            83,
                            84
                        ],
                        [
                            83,
                            95
                        ],
                        [
                            87,
                            88
                        ],
                        [
                            89,
                            90
                        ],
                        [
                            89,
                            91
                        ],
                        [
                            91,
                            92
                        ],
                        [
                            91,
                            93
                        ],
                        [
                            95,
                            96
                        ],
                        [
                            95,
                            102
                        ],
                        [
                            125,
                            126
                        ],
                        [
                            131,
                            132
                        ],
                        [
                            131,
                            136
                        ],
                        [
                            132,
                            133
                        ],
                        [
                            132,
                            135
                        ],
                        [
                            136,
                            137
                        ],
                        [
                            136,
                            138
                        ],
                        [
                            138,
                            139
                        ],
                        [
                            139,
                            140
                        ],
                        [
                            139,
                            141
                        ]
                    ],
                    "missing_branches": [
                        [
                            27,
                            29
                        ],
                        [
                            32,
                            33
                        ],
                        [
                            61,
                            69
                        ],
                        [
                            69,
                            77
                        ],
                        [
                            77,
                            80
                        ],
                        [
                            87,
                            89
                        ],
                        [
                            125,
                            127
                        ],
                        [
                            138,
                            143
                        ]
                    ]
                }
            }
        },
        "src\\openenv\\templates\\__init__.py": {
            "executed_lines": [],
            "summary": {
                "covered_lines": 0,
                "num_statements": 0,
                "percent_covered": 100.0,
                "percent_covered_display": "100.00",
                "missing_lines": 0,
                "excluded_lines": 0,
                "percent_statements_covered": 100.0,
                "percent_statements_covered_display": "100.00",
                "num_branches": 0,
                "num_partial_branches": 0,
                "covered_branches": 0,
                "missing_branches": 0,
                "percent_branches_covered": 100.0,
                "percent_branches_covered_display": "100.00"
            },
            "missing_lines": [],
            "excluded_lines": [],
            "executed_branches": [],
            "missing_branches": [],
            "functions": {
                "": {
                    "executed_lines": [],
                    "summary": {
                        "covered_lines": 0,
                        "num_statements": 0,
                        "percent_covered": 100.0,
                        "percent_covered_display": "100.00",
                        "missing_lines": 0,
                        "excluded_lines": 0,
                        "percent_statements_covered": 100.0,
                        "percent_statements_covered_display": "100.00",
                        "num_branches": 0,
                        "num_partial_branches": 0,
                        "covered_branches": 0,
                        "missing_branches": 0,
                        "percent_branches_covered": 100.0,
                        "percent_branches_covered_display": "100.00"
                    },
                    "missing_lines": [],
                    "excluded_lines": [],
                    "start_line": 1,
                    "executed_branches": [],
                    "missing_branches": []
                }
            },
            "classes": {
                "": {
                    "executed_lines": [],
                    "summary": {
                        "covered_lines": 0,
                        "num_statements": 0,
                        "percent_covered": 100.0,
                        "percent_covered_display": "100.00",
                        "missing_lines": 0,
                        "excluded_lines": 0,
                        "percent_statements_covered": 100.0,
                        "percent_statements_covered_display": "100.00",
                        "num_branches": 0,
                        "num_partial_branches": 0,
                        "covered_branches": 0,
                        "missing_branches": 0,
                        "percent_branches_covered": 100.0,
                        "percent_branches_covered_display": "100.00"
                    },
                    "missing_lines": [],
                    "excluded_lines": [],
                    "start_line": 1,
                    "executed_branches": [],
                    "missing_branches": []
                }
            }
        },
        "src\\openenv\\templates\\sample.py": {
            "executed_lines": [
                3,
                5,
                8
            ],
            "summary": {
                "covered_lines": 3,
                "num_statements": 3,
                "percent_covered": 100.0,
                "percent_covered_display": "100.00",
                "missing_lines": 0,
                "excluded_lines": 0,
                "percent_statements_covered": 100.0,
                "percent_statements_covered_display": "100.00",
                "num_branches": 0,
                "num_partial_branches": 0,
                "covered_branches": 0,
                "missing_branches": 0,
                "percent_branches_covered": 100.0,
                "percent_branches_covered_display": "100.00"
            },
            "missing_lines": [],
            "excluded_lines": [],
            "executed_branches": [],
            "missing_branches": [],
            "functions": {
                "": {
                    "executed_lines": [
                        3,
                        5,
                        8
                    ],
                    "summary": {
                        "covered_lines": 3,
                        "num_statements": 3,
                        "percent_covered": 100.0,
                        "percent_covered_display": "100.00",
                        "missing_lines": 0,
                        "excluded_lines": 0,
                        "percent_statements_covered": 100.0,
                        "percent_statements_covered_display": "100.00",
                        "num_branches": 0,
                        "num_partial_branches": 0,
                        "covered_branches": 0,
                        "missing_branches": 0,
                        "percent_branches_covered": 100.0,
                        "percent_branches_covered_display": "100.00"
                    },
                    "missing_lines": [],
                    "excluded_lines": [],
                    "start_line": 1,
                    "executed_branches": [],
                    "missing_branches": []
                }
            },
            "classes": {
                "": {
                    "executed_lines": [
                        3,
                        5,
                        8
                    ],
                    "summary": {
                        "covered_lines": 3,
                        "num_statements": 3,
                        "percent_covered": 100.0,
                        "percent_covered_display": "100.00",
                        "missing_lines": 0,
                        "excluded_lines": 0,
                        "percent_statements_covered": 100.0,
                        "percent_statements_covered_display": "100.00",
                        "num_branches": 0,
                        "num_partial_branches": 0,
                        "covered_branches": 0,
                        "missing_branches": 0,
                        "percent_branches_covered": 100.0,
                        "percent_branches_covered_display": "100.00"
                    },
                    "missing_lines": [],
                    "excluded_lines": [],
                    "start_line": 1,
                    "executed_branches": [],
                    "missing_branches": []
                }
            }
        }
    },
    "totals": {
        "covered_lines": 1696,
        "num_statements": 2013,
        "percent_covered": 79.6722590714007,
        "percent_covered_display": "79.67",
        "missing_lines": 317,
        "excluded_lines": 2,
        "percent_statements_covered": 84.25235966219573,
        "percent_statements_covered_display": "84.25",
        "num_branches": 550,
        "num_partial_branches": 150,
        "covered_branches": 346,
        "missing_branches": 204,
        "percent_branches_covered": 62.90909090909091,
        "percent_branches_covered_display": "62.91"
    }
}